0 info it worked if it ends with ok
1 verbose cli [ '/Users/rbeaman/.nvm/versions/node/v6.0.0/bin/node',
1 verbose cli   '/Users/rbeaman/.nvm/versions/node/v6.0.0/bin/npm',
1 verbose cli   'publish' ]
2 info using npm@3.10.5
3 info using node@v6.0.0
4 verbose publish [ '.' ]
5 silly cache add args [ '.', null ]
6 verbose cache add spec .
7 silly cache add parsed spec Result {
7 silly cache add   raw: '.',
7 silly cache add   scope: null,
7 silly cache add   escapedName: null,
7 silly cache add   name: null,
7 silly cache add   rawSpec: '.',
7 silly cache add   spec: '/Users/rbeaman/projects/simple-file-input',
7 silly cache add   type: 'directory' }
8 verbose addLocalDirectory /Users/rbeaman/.npm/simple-file-input/0.1.4/package.tgz not in flight; packing
9 verbose correctMkdir /Users/rbeaman/.npm correctMkdir not in flight; initializing
10 info lifecycle simple-file-input@0.1.4~prepublish: simple-file-input@0.1.4
11 silly lifecycle simple-file-input@0.1.4~prepublish: no script for prepublish, continuing
12 verbose tar pack [ '/Users/rbeaman/.npm/simple-file-input/0.1.4/package.tgz',
12 verbose tar pack   '/Users/rbeaman/projects/simple-file-input' ]
13 verbose tarball /Users/rbeaman/.npm/simple-file-input/0.1.4/package.tgz
14 verbose folder /Users/rbeaman/projects/simple-file-input
15 verbose addLocalTarball adding from inside cache /Users/rbeaman/.npm/simple-file-input/0.1.4/package.tgz
16 verbose correctMkdir /Users/rbeaman/.npm correctMkdir not in flight; initializing
17 silly cache afterAdd simple-file-input@0.1.4
18 verbose afterAdd /Users/rbeaman/.npm/simple-file-input/0.1.4/package/package.json not in flight; writing
19 verbose correctMkdir /Users/rbeaman/.npm correctMkdir not in flight; initializing
20 verbose afterAdd /Users/rbeaman/.npm/simple-file-input/0.1.4/package/package.json written
21 silly publish { name: 'simple-file-input',
21 silly publish   version: '0.1.4',
21 silly publish   description: 'dead simple react component + server-side handler for s3 uploading from the front end (can also handle dataURI uploading which is useful for image uploads, can show uploaded image very quickly in UI)',
21 silly publish   scripts:
21 silly publish    { build: 'gulp build',
21 silly publish      gitAddBuilt: 'git add ./index.js; git add ./server.js',
21 silly publish      start: 'node server.js' },
21 silly publish   'pre-commit': [ 'build', 'gitAddBuilt' ],
21 silly publish   keywords: [ 'aws', 's3', 'react', 'file', 'input' ],
21 silly publish   author: { name: 'sirRodgePodge' },
21 silly publish   license: 'MIT',
21 silly publish   dependencies:
21 silly publish    { bluebird: '^3.4.1',
21 silly publish      'lodash.merge': '^4.4.0',
21 silly publish      react: '^15.2.0',
21 silly publish      shortid: '^2.2.6',
21 silly publish      superagent: '^2.0.0' },
21 silly publish   devDependencies:
21 silly publish    { babel: '^6.5.2',
21 silly publish      'babel-preset-es2015': '^6.3.13',
21 silly publish      'babel-preset-react': '^6.3.13',
21 silly publish      'babel-preset-stage-0': '^6.3.13',
21 silly publish      del: '^2.2.1',
21 silly publish      gulp: '^3.9.1',
21 silly publish      'gulp-babel': '^6.1.2',
21 silly publish      'gulp-rename': '^1.2.2',
21 silly publish      'gulp-sequence': '^0.4.5',
21 silly publish      'pre-commit': '^1.1.3',
21 silly publish      'require-dir': '^0.3.0' },
21 silly publish   readme: '# simple-file-input\ndead simple react component + server-side handler for s3 uploading from the front end (can also handle dataURI uploading which is useful for image uploads, can show uploaded image very quickly in UI)\n',
21 silly publish   readmeFilename: 'README.md',
21 silly publish   gitHead: 'e644e7fe2ef142e81a9bc47c5f5b23320e39da48',
21 silly publish   _id: 'simple-file-input@0.1.4',
21 silly publish   _shasum: '43ee63533606f60186da214916274d917dcb3d1b',
21 silly publish   _from: '.' }
22 verbose getPublishConfig undefined
23 silly mapToRegistry name simple-file-input
24 silly mapToRegistry using default registry
25 silly mapToRegistry registry https://registry.npmjs.org/
26 silly mapToRegistry data Result {
26 silly mapToRegistry   raw: 'simple-file-input',
26 silly mapToRegistry   scope: null,
26 silly mapToRegistry   escapedName: 'simple-file-input',
26 silly mapToRegistry   name: 'simple-file-input',
26 silly mapToRegistry   rawSpec: '',
26 silly mapToRegistry   spec: 'latest',
26 silly mapToRegistry   type: 'tag' }
27 silly mapToRegistry uri https://registry.npmjs.org/simple-file-input
28 verbose publish registryBase https://registry.npmjs.org/
29 silly publish uploading /Users/rbeaman/.npm/simple-file-input/0.1.4/package.tgz
30 verbose request uri https://registry.npmjs.org/simple-file-input
31 verbose request sending authorization for write operation
32 info attempt registry request try #1 at 8:06:09 PM
33 verbose request using bearer token for auth
34 verbose request id cb50562f3c04da95
35 http request PUT https://registry.npmjs.org/simple-file-input
36 http 403 https://registry.npmjs.org/simple-file-input
37 verbose headers { 'content-type': 'application/json',
37 verbose headers   'cache-control': 'max-age=300',
37 verbose headers   'content-length': '95',
37 verbose headers   'accept-ranges': 'bytes',
37 verbose headers   date: 'Fri, 08 Jul 2016 00:06:09 GMT',
37 verbose headers   via: '1.1 varnish',
37 verbose headers   connection: 'keep-alive',
37 verbose headers   'x-served-by': 'cache-jfk1042-JFK',
37 verbose headers   'x-cache': 'MISS',
37 verbose headers   'x-cache-hits': '0',
37 verbose headers   'x-timer': 'S1467936369.203293,VS0,VE754',
37 verbose headers   vary: 'Accept-Encoding' }
38 verbose request invalidating /Users/rbeaman/.npm/registry.npmjs.org/simple-file-input on PUT
39 error publish Failed PUT 403
40 verbose stack Error: "You cannot publish over the previously published version 0.1.4." : simple-file-input
40 verbose stack     at makeError (/Users/rbeaman/.nvm/versions/node/v6.0.0/lib/node_modules/npm/node_modules/npm-registry-client/lib/request.js:264:12)
40 verbose stack     at CachingRegistryClient.<anonymous> (/Users/rbeaman/.nvm/versions/node/v6.0.0/lib/node_modules/npm/node_modules/npm-registry-client/lib/request.js:252:14)
40 verbose stack     at Request._callback (/Users/rbeaman/.nvm/versions/node/v6.0.0/lib/node_modules/npm/node_modules/npm-registry-client/lib/request.js:172:14)
40 verbose stack     at Request.self.callback (/Users/rbeaman/.nvm/versions/node/v6.0.0/lib/node_modules/npm/node_modules/request/request.js:200:22)
40 verbose stack     at emitTwo (events.js:106:13)
40 verbose stack     at Request.emit (events.js:191:7)
40 verbose stack     at Request.<anonymous> (/Users/rbeaman/.nvm/versions/node/v6.0.0/lib/node_modules/npm/node_modules/request/request.js:1067:10)
40 verbose stack     at emitOne (events.js:101:20)
40 verbose stack     at Request.emit (events.js:188:7)
40 verbose stack     at IncomingMessage.<anonymous> (/Users/rbeaman/.nvm/versions/node/v6.0.0/lib/node_modules/npm/node_modules/request/request.js:988:12)
41 verbose statusCode 403
42 verbose pkgid simple-file-input
43 verbose cwd /Users/rbeaman/projects/simple-file-input
44 error Darwin 15.4.0
45 error argv "/Users/rbeaman/.nvm/versions/node/v6.0.0/bin/node" "/Users/rbeaman/.nvm/versions/node/v6.0.0/bin/npm" "publish"
46 error node v6.0.0
47 error npm  v3.10.5
48 error code E403
49 error "You cannot publish over the previously published version 0.1.4." : simple-file-input
50 error If you need help, you may report this error at:
50 error     <https://github.com/npm/npm/issues>
51 verbose exit [ 1, true ]
